\BOOKMARK [0][-]{chapter.1}{Introducci\363n}{}% 1
\BOOKMARK [1][-]{section.1.1}{Antecedentes}{chapter.1}% 2
\BOOKMARK [1][-]{section.1.2}{Herramientas Utilizadas}{chapter.1}% 3
\BOOKMARK [1][-]{section.1.3}{Problem\341tica}{chapter.1}% 4
\BOOKMARK [1][-]{section.1.4}{Soluci\363n Propuesta Por Otras Aplicaciones}{chapter.1}% 5
\BOOKMARK [1][-]{section.1.5}{Objetivos}{chapter.1}% 6
\BOOKMARK [1][-]{section.1.6}{Justificaci\363n}{chapter.1}% 7
\BOOKMARK [1][-]{section.1.7}{Soluci\363n Propuesta}{chapter.1}% 8
\BOOKMARK [1][-]{section.1.8}{An\341lisis de factibilidad}{chapter.1}% 9
\BOOKMARK [0][-]{chapter.2}{An\341lisis y Dise\361o del Sistema}{}% 10
\BOOKMARK [1][-]{section.2.1}{Metodolog\355a}{chapter.2}% 11
\BOOKMARK [1][-]{section.2.2}{Arquitectura}{chapter.2}% 12
\BOOKMARK [1][-]{section.2.3}{M\363dulos}{chapter.2}% 13
\BOOKMARK [1][-]{section.2.4}{Modelo Relacional}{chapter.2}% 14
\BOOKMARK [1][-]{section.2.5}{Requerimientos}{chapter.2}% 15
\BOOKMARK [1][-]{section.2.6}{Procesos}{chapter.2}% 16
\BOOKMARK [1][-]{section.2.7}{Casos de uso}{chapter.2}% 17
\BOOKMARK [0][-]{chapter.3}{Resultados}{}% 18
\BOOKMARK [1][-]{section.3.1}{Resultados}{chapter.3}% 19
\BOOKMARK [0][-]{chapter.4}{Pruebas}{}% 20
\BOOKMARK [1][-]{section.4.1}{Pruebas T\351cnicas}{chapter.4}% 21
\BOOKMARK [1][-]{section.4.2}{Pruebas de Usuario}{chapter.4}% 22
\BOOKMARK [0][-]{chapter.5}{Conclusi\363n}{}% 23
\BOOKMARK [1][-]{section.5.1}{Conclusi\363n}{chapter.5}% 24
\BOOKMARK [0][-]{chapter.6}{Trabajo a Futuro}{}% 25
\BOOKMARK [1][-]{section.6.1}{Trabajo a Futuro}{chapter.6}% 26
\BOOKMARK [0][-]{chapter.7}{Bibliograf\355a}{}% 27
